<?xml version="1.0" encoding="UTF-8"?>
<robot generator="Robot 7.0 (Python 3.11.7 on win32)" generated="2024-02-05T13:20:18.690268" rpa="false" schemaversion="5">
<suite id="s1" name="testDemo1" source="C:\Users\nagusyed\Desktop\RobotFrameworkNew\Tests\rahulShettySite\testDemo1.robot">
<test id="s1-t1" name="Select the form and navigate to test window" line="10">
<kw name="Open The Browser With LoginForm Url" owner="resourse">
<kw name="Create Webdriver" owner="SeleniumLibrary">
<msg time="2024-02-05T13:20:19.171116" level="INFO">Creating an instance of the Chrome WebDriver.</msg>
<arg>Chrome</arg>
<doc>Creates an instance of Selenium WebDriver.</doc>
<status status="PASS" start="2024-02-05T13:20:19.171116" elapsed="5.225501"/>
</kw>
<kw name="Go To" owner="SeleniumLibrary">
<msg time="2024-02-05T13:20:24.397643" level="INFO">Opening url 'https://rahulshettyacademy.com/loginpagePractise/'</msg>
<arg>${url}</arg>
<doc>Navigates the current browser window to the provided ``url``.</doc>
<status status="PASS" start="2024-02-05T13:20:24.396617" elapsed="0.820877"/>
</kw>
<status status="PASS" start="2024-02-05T13:20:19.170128" elapsed="6.048364"/>
</kw>
<kw name="Fill the login details and select the user option">
<kw name="Input Text" owner="SeleniumLibrary">
<msg time="2024-02-05T13:20:25.223492" level="INFO">Typing text 'rahulshettyacademy' into text field 'id:username'.</msg>
<arg>id:username</arg>
<arg>${username}</arg>
<doc>Types the given ``text`` into the text field identified by ``locator``.</doc>
<status status="PASS" start="2024-02-05T13:20:25.222490" elapsed="0.284782"/>
</kw>
<kw name="Input Password" owner="SeleniumLibrary">
<msg time="2024-02-05T13:20:25.508275" level="INFO">Typing password into text field 'id:password'.</msg>
<msg time="2024-02-05T13:20:25.584359" level="INFO">Temporally setting log level to: NONE</msg>
<arg>id:password</arg>
<arg>${password}</arg>
<doc>Types the given password into the text field identified by ``locator``.</doc>
<status status="PASS" start="2024-02-05T13:20:25.507272" elapsed="0.154235"/>
</kw>
<kw name="Click Element" owner="SeleniumLibrary">
<msg time="2024-02-05T13:20:25.662037" level="INFO">Clicking element 'css:input[value='user']'.</msg>
<arg>css:input[value='user']</arg>
<doc>Click the element identified by ``locator``.</doc>
<status status="PASS" start="2024-02-05T13:20:25.661507" elapsed="0.132044"/>
</kw>
<kw name="Wait Until Element Is Visible" owner="SeleniumLibrary">
<arg>css:.modal-body</arg>
<doc>Waits until the element ``locator`` is visible.</doc>
<status status="PASS" start="2024-02-05T13:20:25.793551" elapsed="0.325289"/>
</kw>
<kw name="Click Button" owner="SeleniumLibrary">
<msg time="2024-02-05T13:20:26.119849" level="INFO">Clicking button 'id:okayBtn'.</msg>
<arg>id:okayBtn</arg>
<doc>Clicks the button identified by ``locator``.</doc>
<status status="PASS" start="2024-02-05T13:20:26.118840" elapsed="0.143444"/>
</kw>
<kw name="Wait Until Element Is Not Visible" owner="SeleniumLibrary">
<arg>css:.modal-body</arg>
<doc>Waits until the element ``locator`` is not visible.</doc>
<status status="PASS" start="2024-02-05T13:20:26.262284" elapsed="0.282686"/>
</kw>
<kw name="Select From List By Value" owner="SeleniumLibrary">
<msg time="2024-02-05T13:20:26.546124" level="INFO">Selecting options from selection list 'css:select.form-control' by value teach.</msg>
<arg>css:select.form-control</arg>
<arg>teach</arg>
<doc>Selects options from selection list ``locator`` by ``values``.</doc>
<status status="PASS" start="2024-02-05T13:20:26.544970" elapsed="0.208552"/>
</kw>
<kw name="Select Checkbox" owner="SeleniumLibrary">
<msg time="2024-02-05T13:20:26.754524" level="INFO">Selecting checkbox 'id:terms'.</msg>
<arg>id:terms</arg>
<doc>Selects the checkbox identified by ``locator``.</doc>
<status status="PASS" start="2024-02-05T13:20:26.753522" elapsed="0.163748"/>
</kw>
<kw name="Click Button" owner="SeleniumLibrary">
<msg time="2024-02-05T13:20:26.918277" level="INFO">Clicking button 'id:signInBtn'.</msg>
<arg>id:signInBtn</arg>
<doc>Clicks the button identified by ``locator``.</doc>
<status status="PASS" start="2024-02-05T13:20:26.917270" elapsed="0.093193"/>
</kw>
<arg>${username}</arg>
<arg>${valid_password}</arg>
<status status="PASS" start="2024-02-05T13:20:25.220490" elapsed="1.789973"/>
</kw>
<kw name="close browser sessions" owner="resourse" type="TEARDOWN">
<kw name="Close Browser" owner="SeleniumLibrary">
<doc>Closes the current browser.</doc>
<status status="PASS" start="2024-02-05T13:20:27.012467" elapsed="2.498119"/>
</kw>
<status status="PASS" start="2024-02-05T13:20:27.011468" elapsed="2.500120"/>
</kw>
<status status="PASS" start="2024-02-05T13:20:19.169116" elapsed="10.343349"/>
</test>
<doc>To Validate Login Form</doc>
<status status="PASS" start="2024-02-05T13:20:18.693199" elapsed="10.823318"/>
</suite>
<statistics>
<total>
<stat pass="1" fail="0" skip="0">All Tests</stat>
</total>
<tag>
</tag>
<suite>
<stat pass="1" fail="0" skip="0" id="s1" name="testDemo1">testDemo1</stat>
</suite>
</statistics>
<errors>
</errors>
</robot>
