<?xml version="1.0" encoding="UTF-8"?>
<robot generator="Robot 7.0 (Python 3.11.7 on win32)" generated="2024-02-05T15:17:15.914652" rpa="false" schemaversion="5">
<suite id="s1" name="testDemo2" source="C:\Users\nagusyed\Desktop\RobotFrameworkNew\Tests\rahulShettySite\testDemo2.robot">
<test id="s1-t1" name="Validate Child Window Functionality" line="11">
<kw name="Open The Browser With LoginForm Url" owner="resourse">
<kw name="Create Webdriver" owner="SeleniumLibrary">
<msg time="2024-02-05T15:17:16.550207" level="INFO">Creating an instance of the Chrome WebDriver.</msg>
<arg>Chrome</arg>
<doc>Creates an instance of Selenium WebDriver.</doc>
<status status="PASS" start="2024-02-05T15:17:16.550207" elapsed="4.109731"/>
</kw>
<kw name="Go To" owner="SeleniumLibrary">
<msg time="2024-02-05T15:17:20.665912" level="INFO">Opening url 'https://rahulshettyacademy.com/loginpagePractise/'</msg>
<arg>${url}</arg>
<doc>Navigates the current browser window to the provided ``url``.</doc>
<status status="PASS" start="2024-02-05T15:17:20.659938" elapsed="0.993062"/>
</kw>
<status status="PASS" start="2024-02-05T15:17:16.547860" elapsed="5.105140"/>
</kw>
<kw name="Select the link of child window">
<kw name="Click Element" owner="SeleniumLibrary">
<msg time="2024-02-05T15:17:21.661439" level="INFO">Clicking element 'css:.blinkingText'.</msg>
<arg>css:.blinkingText</arg>
<doc>Click the element identified by ``locator``.</doc>
<status status="PASS" start="2024-02-05T15:17:21.653000" elapsed="0.152829"/>
</kw>
<kw name="Sleep" owner="BuiltIn">
<msg time="2024-02-05T15:17:26.806328" level="INFO">Slept 5 seconds.</msg>
<arg>5</arg>
<doc>Pauses the test executed for the given time.</doc>
<status status="PASS" start="2024-02-05T15:17:21.805829" elapsed="5.000499"/>
</kw>
<status status="PASS" start="2024-02-05T15:17:21.653000" elapsed="5.153328"/>
</kw>
<kw name="verify the user is switched to child window">
<kw name="Switch Window" owner="SeleniumLibrary">
<arg>NEW</arg>
<doc>Switches to browser window matching ``locator``.</doc>
<status status="PASS" start="2024-02-05T15:17:26.806328" elapsed="0.021072"/>
</kw>
<kw name="Element Text Should Be" owner="SeleniumLibrary">
<msg time="2024-02-05T15:17:26.827400" level="INFO">Verifying element 'css:h1' contains exact text 'DOCUMENTS REQUEST'.</msg>
<arg>css:h1</arg>
<arg>DOCUMENTS REQUEST</arg>
<doc>Verifies that element ``locator`` contains exact the text ``expected``.</doc>
<status status="PASS" start="2024-02-05T15:17:26.827400" elapsed="0.078115"/>
</kw>
<status status="PASS" start="2024-02-05T15:17:26.806328" elapsed="0.099187"/>
</kw>
<kw name="Grab the email id from the child window">
<kw name="Get Text" owner="SeleniumLibrary">
<msg time="2024-02-05T15:17:26.952736" level="INFO">${text} = Please email us at mentor@rahulshettyacademy.com with below template to receive response</msg>
<var>${text}</var>
<arg>css:.red</arg>
<doc>Returns the text value of the element identified by ``locator``.</doc>
<status status="PASS" start="2024-02-05T15:17:26.905515" elapsed="0.047221"/>
</kw>
<kw name="Split String" owner="String">
<msg time="2024-02-05T15:17:26.952736" level="INFO">@{words} = [ Please email us  |  mentor@rahulshettyacademy.com with below templ | e to receive response ]</msg>
<var>@{words}</var>
<arg>${text}</arg>
<arg>at</arg>
<doc>Splits the ``string`` using ``separator`` as a delimiter string.</doc>
<status status="PASS" start="2024-02-05T15:17:26.952736" elapsed="0.000000"/>
</kw>
<kw name="Get From List" owner="Collections">
<msg time="2024-02-05T15:17:26.952736" level="INFO">${text_split} =  mentor@rahulshettyacademy.com with below templ</msg>
<var>${text_split}</var>
<arg>${words}</arg>
<arg>1</arg>
<doc>Returns the value specified with an ``index`` from ``list``.</doc>
<status status="PASS" start="2024-02-05T15:17:26.952736" elapsed="0.000000"/>
</kw>
<kw name="Log" owner="BuiltIn">
<msg time="2024-02-05T15:17:26.952736" level="INFO"> mentor@rahulshettyacademy.com with below templ</msg>
<arg>${text_split}</arg>
<doc>Logs the given message with the given level.</doc>
<status status="PASS" start="2024-02-05T15:17:26.952736" elapsed="0.000000"/>
</kw>
<kw name="Split String" owner="String">
<msg time="2024-02-05T15:17:26.952736" level="INFO">@{words_2} = [ mentor@rahulshettyacademy.com | with | below | templ ]</msg>
<var>@{words_2}</var>
<arg>${text_split}</arg>
<doc>Splits the ``string`` using ``separator`` as a delimiter string.</doc>
<status status="PASS" start="2024-02-05T15:17:26.952736" elapsed="0.000000"/>
</kw>
<kw name="Get From List" owner="Collections">
<msg time="2024-02-05T15:17:26.952736" level="INFO">${email} = mentor@rahulshettyacademy.com</msg>
<var>${email}</var>
<arg>${words_2}</arg>
<arg>0</arg>
<doc>Returns the value specified with an ``index`` from ``list``.</doc>
<status status="PASS" start="2024-02-05T15:17:26.952736" elapsed="0.000000"/>
</kw>
<kw name="Set Global Variable" owner="BuiltIn">
<msg time="2024-02-05T15:17:26.952736" level="INFO">${email} = mentor@rahulshettyacademy.com</msg>
<arg>${email}</arg>
<doc>Makes a variable available globally in all tests and suites.</doc>
<status status="PASS" start="2024-02-05T15:17:26.952736" elapsed="0.000000"/>
</kw>
<status status="PASS" start="2024-02-05T15:17:26.905515" elapsed="0.047221"/>
</kw>
<kw name="Switch to parent window and enter the email">
<kw name="Switch Window" owner="SeleniumLibrary">
<arg>MAIN</arg>
<doc>Switches to browser window matching ``locator``.</doc>
<status status="PASS" start="2024-02-05T15:17:26.952736" elapsed="0.043691"/>
</kw>
<kw name="Title Should Be" owner="SeleniumLibrary">
<msg time="2024-02-05T15:17:27.010659" level="INFO">Page title is 'LoginPage Practise | Rahul Shetty Academy'.</msg>
<arg>LoginPage Practise | Rahul Shetty Academy</arg>
<doc>Verifies that the current page title equals ``title``.</doc>
<status status="PASS" start="2024-02-05T15:17:26.996427" elapsed="0.014232"/>
</kw>
<kw name="Input Text" owner="SeleniumLibrary">
<msg time="2024-02-05T15:17:27.011828" level="INFO">Typing text 'mentor@rahulshettyacademy.com' into text field 'id:username'.</msg>
<arg>id:username</arg>
<arg>${email}</arg>
<doc>Types the given ``text`` into the text field identified by ``locator``.</doc>
<status status="PASS" start="2024-02-05T15:17:27.010659" elapsed="0.228323"/>
</kw>
<kw name="Sleep" owner="BuiltIn">
<msg time="2024-02-05T15:17:32.239422" level="INFO">Slept 5 seconds.</msg>
<arg>5</arg>
<doc>Pauses the test executed for the given time.</doc>
<status status="PASS" start="2024-02-05T15:17:27.238982" elapsed="5.000440"/>
</kw>
<status status="PASS" start="2024-02-05T15:17:26.952736" elapsed="5.286686"/>
</kw>
<status status="PASS" start="2024-02-05T15:17:16.546691" elapsed="15.692731"/>
</test>
<doc>To Validate Login Form</doc>
<status status="PASS" start="2024-02-05T15:17:15.929671" elapsed="16.309751"/>
</suite>
<statistics>
<total>
<stat pass="1" fail="0" skip="0">All Tests</stat>
</total>
<tag>
</tag>
<suite>
<stat pass="1" fail="0" skip="0" id="s1" name="testDemo2">testDemo2</stat>
</suite>
</statistics>
<errors>
</errors>
</robot>
